<?xml version="1.0" encoding="UTF-8"?>
<testsuite name="Registro de nuevo usuario en Utest" tests="1" skipped="0" failures="1" errors="0" timestamp="2022-07-28T22:08:01" hostname="DESKTOP-OPNS9OF" time="83.119">
  <properties/>
  <testcase name="Registro de Jose en plataforma Utest" classname="Registro de nuevo usuario en Utest" time="83.119">
    <failure message="java.lang.AssertionError: Expected responder&#10;Expected: is &lt;true&gt;&#10;     but: was &lt;false&gt;" type="java.lang.AssertionError">java.lang.AssertionError: Expected responder
Expected: is &lt;true&gt;
     but: was &lt;false&gt;
	at net.serenitybdd.screenplay.ErrorTally.throwSummaryExceptionFrom(ErrorTally.java:36)
	at net.serenitybdd.screenplay.ErrorTally.reportAnyErrors(ErrorTally.java:30)
	at net.serenitybdd.screenplay.Actor.should(Actor.java:301)
	at co.com.prueba.jose.stepdefinitions.StepDefinitions.finalizaElRegistroAlCompletarLosFormularios(StepDefinitions.java:38)
	at ✽.Finaliza el registro al completar los formularios(src/test/resources/features/registroUtest.feature:10)
</failure>
  </testcase>
  <system-out><![CDATA[co.com.choucair.prueba.model.UtestDatos@5c2e6a09
]]></system-out>
  <system-err><![CDATA[[Test worker] WARN net.thucydides.core.steps.BaseStepListener - stepStarted: net.thucydides.core.steps.ExecutedStepDescription@f35510
[Test worker] WARN net.thucydides.core.steps.BaseStepListener - stepStarted: net.thucydides.core.steps.ExecutedStepDescription@582c8f5f
[Test worker] WARN net.thucydides.core.steps.BaseStepListener - stepStarted: net.thucydides.core.steps.ExecutedStepDescription@734630e7
jul. 28, 2022 5:08:03 P. M. org.openqa.selenium.remote.DesiredCapabilities chrome
INFORMACIÓN: Using `new ChromeOptions()` is preferred to `DesiredCapabilities.chrome()`
[Test worker] INFO net.serenitybdd.core.webdriver.driverproviders.ProvideNewDriver - Instantiating driver
[Test worker] INFO net.serenitybdd.core.webdriver.driverproviders.ProvideNewDriver - Driver capabilities: Capabilities {acceptInsecureCerts: false, browserName: chrome, chrome.switches: --start-maximized, goog:chromeOptions: {args: [--start-maximized], extensions: []}, loggingPrefs: org.openqa.selenium.logging..., platform: ANY, version: }
Starting ChromeDriver 103.0.5060.134 (8ec6fce403b3feb0869b0732eda8bd95011d333c-refs/branch-heads/5060@{#1262}) on port 17207
Only local connections are allowed.
Please see https://chromedriver.chromium.org/security-considerations for suggestions on keeping ChromeDriver safe.
ChromeDriver was started successfully.
jul. 28, 2022 5:08:08 P. M. org.openqa.selenium.remote.ProtocolHandshake createSession
INFORMACIÓN: Detected dialect: W3C
[Test worker] WARN net.thucydides.core.steps.BaseStepListener - stepFinished: current outcome:Registro de Jose en plataforma Utest:Given Jose esperar aprender mucho de pruebas de software [Jose abrir [Jose opens the Pagina utest]]
[Test worker] WARN net.thucydides.core.steps.BaseStepListener - stepStarted: net.thucydides.core.steps.ExecutedStepDescription@27ac1024
[Test worker] WARN net.thucydides.core.steps.BaseStepListener - stepFinished: current outcome:Registro de Jose en plataforma Utest:Given Jose esperar aprender mucho de pruebas de software [Jose abrir [Jose opens the Pagina utest, Jose clicks on Boton para iniciar el registro]]
[Test worker] WARN net.thucydides.core.steps.BaseStepListener - stepFinished: current outcome:Registro de Jose en plataforma Utest:Given Jose esperar aprender mucho de pruebas de software [Jose abrir [Jose opens the Pagina utest, Jose clicks on Boton para iniciar el registro]]
[Test worker] WARN net.thucydides.core.steps.BaseStepListener - stepFinished: current outcome:Registro de Jose en plataforma Utest:Given Jose esperar aprender mucho de pruebas de software [Jose abrir [Jose opens the Pagina utest, Jose clicks on Boton para iniciar el registro]]
[Test worker] WARN net.thucydides.core.steps.BaseStepListener - stepStarted: net.thucydides.core.steps.ExecutedStepDescription@12baf1a7
[Test worker] WARN net.thucydides.core.steps.BaseStepListener - stepStarted: net.thucydides.core.steps.ExecutedStepDescription@2e851c76
[Test worker] WARN net.thucydides.core.steps.BaseStepListener - stepStarted: net.thucydides.core.steps.ExecutedStepDescription@64e2d07b
[Test worker] WARN net.thucydides.core.steps.BaseStepListener - stepFinished: current outcome:Registro de Jose en plataforma Utest:Given Jose esperar aprender mucho de pruebas de software [Jose abrir [Jose opens the Pagina utest, Jose clicks on Boton para iniciar el registro]], When Completara el formulario completo con sus datos
| strNombre | strApellido | strEmail | strMesNacimiento | strDiaNacimiento | strAnioNacimiento | strCiudad | strZip | strPais | strDispositivoMovil | strModeloMovil | strSistemaOperativoMovil | strClave |
| Lionel | Messi | messi@gmail.com | December | 14 | 1987 | Bogota | 1947 | Colombia | Apple | iPhone 5S | iOS 10.11 | Pepe123 | [Jose llenar [Jose enters 'Lionel' into Nombre]]
[Test worker] WARN net.thucydides.core.steps.BaseStepListener - stepStarted: net.thucydides.core.steps.ExecutedStepDescription@71131c3b
[Test worker] WARN net.thucydides.core.steps.BaseStepListener - stepFinished: current outcome:Registro de Jose en plataforma Utest:Given Jose esperar aprender mucho de pruebas de software [Jose abrir [Jose opens the Pagina utest, Jose clicks on Boton para iniciar el registro]], When Completara el formulario completo con sus datos
| strNombre | strApellido | strEmail | strMesNacimiento | strDiaNacimiento | strAnioNacimiento | strCiudad | strZip | strPais | strDispositivoMovil | strModeloMovil | strSistemaOperativoMovil | strClave |
| Lionel | Messi | messi@gmail.com | December | 14 | 1987 | Bogota | 1947 | Colombia | Apple | iPhone 5S | iOS 10.11 | Pepe123 | [Jose llenar [Jose enters 'Lionel' into Nombre, Jose enters 'Messi' into Apellido]]
[Test worker] WARN net.thucydides.core.steps.BaseStepListener - stepStarted: net.thucydides.core.steps.ExecutedStepDescription@4d4b9252
[Test worker] WARN net.thucydides.core.steps.BaseStepListener - stepFinished: current outcome:Registro de Jose en plataforma Utest:Given Jose esperar aprender mucho de pruebas de software [Jose abrir [Jose opens the Pagina utest, Jose clicks on Boton para iniciar el registro]], When Completara el formulario completo con sus datos
| strNombre | strApellido | strEmail | strMesNacimiento | strDiaNacimiento | strAnioNacimiento | strCiudad | strZip | strPais | strDispositivoMovil | strModeloMovil | strSistemaOperativoMovil | strClave |
| Lionel | Messi | messi@gmail.com | December | 14 | 1987 | Bogota | 1947 | Colombia | Apple | iPhone 5S | iOS 10.11 | Pepe123 | [Jose llenar [Jose enters 'Lionel' into Nombre, Jose enters 'Messi' into Apellido, Jose enters 'messi@gmail.com' into Email]]
[Test worker] WARN net.thucydides.core.steps.BaseStepListener - stepStarted: net.thucydides.core.steps.ExecutedStepDescription@5e1d33bc
[Test worker] WARN net.thucydides.core.steps.BaseStepListener - stepFinished: current outcome:Registro de Jose en plataforma Utest:Given Jose esperar aprender mucho de pruebas de software [Jose abrir [Jose opens the Pagina utest, Jose clicks on Boton para iniciar el registro]], When Completara el formulario completo con sus datos
| strNombre | strApellido | strEmail | strMesNacimiento | strDiaNacimiento | strAnioNacimiento | strCiudad | strZip | strPais | strDispositivoMovil | strModeloMovil | strSistemaOperativoMovil | strClave |
| Lionel | Messi | messi@gmail.com | December | 14 | 1987 | Bogota | 1947 | Colombia | Apple | iPhone 5S | iOS 10.11 | Pepe123 | [Jose llenar [Jose enters 'Lionel' into Nombre, Jose enters 'Messi' into Apellido, Jose enters 'messi@gmail.com' into Email, Jose select December on Mes]]
[Test worker] WARN net.thucydides.core.steps.BaseStepListener - stepStarted: net.thucydides.core.steps.ExecutedStepDescription@4cd613ee
[Test worker] WARN net.thucydides.core.steps.BaseStepListener - stepFinished: current outcome:Registro de Jose en plataforma Utest:Given Jose esperar aprender mucho de pruebas de software [Jose abrir [Jose opens the Pagina utest, Jose clicks on Boton para iniciar el registro]], When Completara el formulario completo con sus datos
| strNombre | strApellido | strEmail | strMesNacimiento | strDiaNacimiento | strAnioNacimiento | strCiudad | strZip | strPais | strDispositivoMovil | strModeloMovil | strSistemaOperativoMovil | strClave |
| Lionel | Messi | messi@gmail.com | December | 14 | 1987 | Bogota | 1947 | Colombia | Apple | iPhone 5S | iOS 10.11 | Pepe123 | [Jose llenar [Jose enters 'Lionel' into Nombre, Jose enters 'Messi' into Apellido, Jose enters 'messi@gmail.com' into Email, Jose select December on Mes, Jose select 14 on Dia]]
[Test worker] WARN net.thucydides.core.steps.BaseStepListener - stepStarted: net.thucydides.core.steps.ExecutedStepDescription@55c1c954
[Test worker] WARN net.thucydides.core.steps.BaseStepListener - stepFinished: current outcome:Registro de Jose en plataforma Utest:Given Jose esperar aprender mucho de pruebas de software [Jose abrir [Jose opens the Pagina utest, Jose clicks on Boton para iniciar el registro]], When Completara el formulario completo con sus datos
| strNombre | strApellido | strEmail | strMesNacimiento | strDiaNacimiento | strAnioNacimiento | strCiudad | strZip | strPais | strDispositivoMovil | strModeloMovil | strSistemaOperativoMovil | strClave |
| Lionel | Messi | messi@gmail.com | December | 14 | 1987 | Bogota | 1947 | Colombia | Apple | iPhone 5S | iOS 10.11 | Pepe123 | [Jose llenar [Jose enters 'Lionel' into Nombre, Jose enters 'Messi' into Apellido, Jose enters 'messi@gmail.com' into Email, Jose select December on Mes, Jose select 14 on Dia, Jose select 1987 on Anio]]
[Test worker] WARN net.thucydides.core.steps.BaseStepListener - stepStarted: net.thucydides.core.steps.ExecutedStepDescription@1645e7b4
[Test worker] WARN net.thucydides.core.steps.BaseStepListener - stepFinished: current outcome:Registro de Jose en plataforma Utest:Given Jose esperar aprender mucho de pruebas de software [Jose abrir [Jose opens the Pagina utest, Jose clicks on Boton para iniciar el registro]], When Completara el formulario completo con sus datos
| strNombre | strApellido | strEmail | strMesNacimiento | strDiaNacimiento | strAnioNacimiento | strCiudad | strZip | strPais | strDispositivoMovil | strModeloMovil | strSistemaOperativoMovil | strClave |
| Lionel | Messi | messi@gmail.com | December | 14 | 1987 | Bogota | 1947 | Colombia | Apple | iPhone 5S | iOS 10.11 | Pepe123 | [Jose llenar [Jose enters 'Lionel' into Nombre, Jose enters 'Messi' into Apellido, Jose enters 'messi@gmail.com' into Email, Jose select December on Mes, Jose select 14 on Dia, Jose select 1987 on Anio, Jose clicks on Boton de siguiente]]
[Test worker] WARN net.thucydides.core.steps.BaseStepListener - stepFinished: current outcome:Registro de Jose en plataforma Utest:Given Jose esperar aprender mucho de pruebas de software [Jose abrir [Jose opens the Pagina utest, Jose clicks on Boton para iniciar el registro]], When Completara el formulario completo con sus datos
| strNombre | strApellido | strEmail | strMesNacimiento | strDiaNacimiento | strAnioNacimiento | strCiudad | strZip | strPais | strDispositivoMovil | strModeloMovil | strSistemaOperativoMovil | strClave |
| Lionel | Messi | messi@gmail.com | December | 14 | 1987 | Bogota | 1947 | Colombia | Apple | iPhone 5S | iOS 10.11 | Pepe123 | [Jose llenar [Jose enters 'Lionel' into Nombre, Jose enters 'Messi' into Apellido, Jose enters 'messi@gmail.com' into Email, Jose select December on Mes, Jose select 14 on Dia, Jose select 1987 on Anio, Jose clicks on Boton de siguiente]]
[Test worker] WARN net.thucydides.core.steps.BaseStepListener - stepStarted: net.thucydides.core.steps.ExecutedStepDescription@8415422
[Test worker] WARN net.thucydides.core.steps.BaseStepListener - stepStarted: net.thucydides.core.steps.ExecutedStepDescription@34a5eb94
[Test worker] WARN net.thucydides.core.steps.BaseStepListener - stepFinished: current outcome:Registro de Jose en plataforma Utest:Given Jose esperar aprender mucho de pruebas de software [Jose abrir [Jose opens the Pagina utest, Jose clicks on Boton para iniciar el registro]], When Completara el formulario completo con sus datos
| strNombre | strApellido | strEmail | strMesNacimiento | strDiaNacimiento | strAnioNacimiento | strCiudad | strZip | strPais | strDispositivoMovil | strModeloMovil | strSistemaOperativoMovil | strClave |
| Lionel | Messi | messi@gmail.com | December | 14 | 1987 | Bogota | 1947 | Colombia | Apple | iPhone 5S | iOS 10.11 | Pepe123 | [Jose llenar [Jose enters 'Lionel' into Nombre, Jose enters 'Messi' into Apellido, Jose enters 'messi@gmail.com' into Email, Jose select December on Mes, Jose select 14 on Dia, Jose select 1987 on Anio, Jose clicks on Boton de siguiente], Jose llenar direccion [Jose enters 'Bogota' into Ciudad]]
[Test worker] WARN net.thucydides.core.steps.BaseStepListener - stepStarted: net.thucydides.core.steps.ExecutedStepDescription@5234f035
[Test worker] WARN net.thucydides.core.steps.BaseStepListener - stepFinished: current outcome:Registro de Jose en plataforma Utest:Given Jose esperar aprender mucho de pruebas de software [Jose abrir [Jose opens the Pagina utest, Jose clicks on Boton para iniciar el registro]], When Completara el formulario completo con sus datos
| strNombre | strApellido | strEmail | strMesNacimiento | strDiaNacimiento | strAnioNacimiento | strCiudad | strZip | strPais | strDispositivoMovil | strModeloMovil | strSistemaOperativoMovil | strClave |
| Lionel | Messi | messi@gmail.com | December | 14 | 1987 | Bogota | 1947 | Colombia | Apple | iPhone 5S | iOS 10.11 | Pepe123 | [Jose llenar [Jose enters 'Lionel' into Nombre, Jose enters 'Messi' into Apellido, Jose enters 'messi@gmail.com' into Email, Jose select December on Mes, Jose select 14 on Dia, Jose select 1987 on Anio, Jose clicks on Boton de siguiente], Jose llenar direccion [Jose enters 'Bogota' into Ciudad, Jose types 'ARROW_DOWN' in Ciudad]]
[Test worker] WARN net.thucydides.core.steps.BaseStepListener - stepStarted: net.thucydides.core.steps.ExecutedStepDescription@7b62151c
[Test worker] WARN net.thucydides.core.steps.BaseStepListener - stepFinished: current outcome:Registro de Jose en plataforma Utest:Given Jose esperar aprender mucho de pruebas de software [Jose abrir [Jose opens the Pagina utest, Jose clicks on Boton para iniciar el registro]], When Completara el formulario completo con sus datos
| strNombre | strApellido | strEmail | strMesNacimiento | strDiaNacimiento | strAnioNacimiento | strCiudad | strZip | strPais | strDispositivoMovil | strModeloMovil | strSistemaOperativoMovil | strClave |
| Lionel | Messi | messi@gmail.com | December | 14 | 1987 | Bogota | 1947 | Colombia | Apple | iPhone 5S | iOS 10.11 | Pepe123 | [Jose llenar [Jose enters 'Lionel' into Nombre, Jose enters 'Messi' into Apellido, Jose enters 'messi@gmail.com' into Email, Jose select December on Mes, Jose select 14 on Dia, Jose select 1987 on Anio, Jose clicks on Boton de siguiente], Jose llenar direccion [Jose enters 'Bogota' into Ciudad, Jose types 'ARROW_DOWN' in Ciudad, Jose types 'ENTER' in Ciudad]]
[Test worker] WARN net.thucydides.core.steps.BaseStepListener - stepStarted: net.thucydides.core.steps.ExecutedStepDescription@5f3d3db5
[Test worker] WARN net.thucydides.core.steps.BaseStepListener - stepFinished: current outcome:Registro de Jose en plataforma Utest:Given Jose esperar aprender mucho de pruebas de software [Jose abrir [Jose opens the Pagina utest, Jose clicks on Boton para iniciar el registro]], When Completara el formulario completo con sus datos
| strNombre | strApellido | strEmail | strMesNacimiento | strDiaNacimiento | strAnioNacimiento | strCiudad | strZip | strPais | strDispositivoMovil | strModeloMovil | strSistemaOperativoMovil | strClave |
| Lionel | Messi | messi@gmail.com | December | 14 | 1987 | Bogota | 1947 | Colombia | Apple | iPhone 5S | iOS 10.11 | Pepe123 | [Jose llenar [Jose enters 'Lionel' into Nombre, Jose enters 'Messi' into Apellido, Jose enters 'messi@gmail.com' into Email, Jose select December on Mes, Jose select 14 on Dia, Jose select 1987 on Anio, Jose clicks on Boton de siguiente], Jose llenar direccion [Jose enters 'Bogota' into Ciudad, Jose types 'ARROW_DOWN' in Ciudad, Jose types 'ENTER' in Ciudad, Jose enters '1947' into Codigo Postal]]
[Test worker] WARN net.thucydides.core.steps.BaseStepListener - stepStarted: net.thucydides.core.steps.ExecutedStepDescription@7c007ee6
[Test worker] WARN net.thucydides.core.steps.BaseStepListener - stepFinished: current outcome:Registro de Jose en plataforma Utest:Given Jose esperar aprender mucho de pruebas de software [Jose abrir [Jose opens the Pagina utest, Jose clicks on Boton para iniciar el registro]], When Completara el formulario completo con sus datos
| strNombre | strApellido | strEmail | strMesNacimiento | strDiaNacimiento | strAnioNacimiento | strCiudad | strZip | strPais | strDispositivoMovil | strModeloMovil | strSistemaOperativoMovil | strClave |
| Lionel | Messi | messi@gmail.com | December | 14 | 1987 | Bogota | 1947 | Colombia | Apple | iPhone 5S | iOS 10.11 | Pepe123 | [Jose llenar [Jose enters 'Lionel' into Nombre, Jose enters 'Messi' into Apellido, Jose enters 'messi@gmail.com' into Email, Jose select December on Mes, Jose select 14 on Dia, Jose select 1987 on Anio, Jose clicks on Boton de siguiente], Jose llenar direccion [Jose enters 'Bogota' into Ciudad, Jose types 'ARROW_DOWN' in Ciudad, Jose types 'ENTER' in Ciudad, Jose enters '1947' into Codigo Postal, Jose clicks on Contenedor]]
[Test worker] WARN net.thucydides.core.steps.BaseStepListener - stepStarted: net.thucydides.core.steps.ExecutedStepDescription@405987e3
[Test worker] WARN net.thucydides.core.steps.BaseStepListener - stepFinished: current outcome:Registro de Jose en plataforma Utest:Given Jose esperar aprender mucho de pruebas de software [Jose abrir [Jose opens the Pagina utest, Jose clicks on Boton para iniciar el registro]], When Completara el formulario completo con sus datos
| strNombre | strApellido | strEmail | strMesNacimiento | strDiaNacimiento | strAnioNacimiento | strCiudad | strZip | strPais | strDispositivoMovil | strModeloMovil | strSistemaOperativoMovil | strClave |
| Lionel | Messi | messi@gmail.com | December | 14 | 1987 | Bogota | 1947 | Colombia | Apple | iPhone 5S | iOS 10.11 | Pepe123 | [Jose llenar [Jose enters 'Lionel' into Nombre, Jose enters 'Messi' into Apellido, Jose enters 'messi@gmail.com' into Email, Jose select December on Mes, Jose select 14 on Dia, Jose select 1987 on Anio, Jose clicks on Boton de siguiente], Jose llenar direccion [Jose enters 'Bogota' into Ciudad, Jose types 'ARROW_DOWN' in Ciudad, Jose types 'ENTER' in Ciudad, Jose enters '1947' into Codigo Postal, Jose clicks on Contenedor, Jose enters 'Colombia' then hits ARROW_DOWN and ENTER into Pais]]
[Test worker] WARN net.thucydides.core.steps.BaseStepListener - stepStarted: net.thucydides.core.steps.ExecutedStepDescription@24467e
[Test worker] WARN net.thucydides.core.steps.BaseStepListener - stepFinished: current outcome:Registro de Jose en plataforma Utest:Given Jose esperar aprender mucho de pruebas de software [Jose abrir [Jose opens the Pagina utest, Jose clicks on Boton para iniciar el registro]], When Completara el formulario completo con sus datos
| strNombre | strApellido | strEmail | strMesNacimiento | strDiaNacimiento | strAnioNacimiento | strCiudad | strZip | strPais | strDispositivoMovil | strModeloMovil | strSistemaOperativoMovil | strClave |
| Lionel | Messi | messi@gmail.com | December | 14 | 1987 | Bogota | 1947 | Colombia | Apple | iPhone 5S | iOS 10.11 | Pepe123 | [Jose llenar [Jose enters 'Lionel' into Nombre, Jose enters 'Messi' into Apellido, Jose enters 'messi@gmail.com' into Email, Jose select December on Mes, Jose select 14 on Dia, Jose select 1987 on Anio, Jose clicks on Boton de siguiente], Jose llenar direccion [Jose enters 'Bogota' into Ciudad, Jose types 'ARROW_DOWN' in Ciudad, Jose types 'ENTER' in Ciudad, Jose enters '1947' into Codigo Postal, Jose clicks on Contenedor, Jose enters 'Colombia' then hits ARROW_DOWN and ENTER into Pais, Jose clicks on Boton que lleva a la seccion de dispositivos]]
[Test worker] WARN net.thucydides.core.steps.BaseStepListener - stepFinished: current outcome:Registro de Jose en plataforma Utest:Given Jose esperar aprender mucho de pruebas de software [Jose abrir [Jose opens the Pagina utest, Jose clicks on Boton para iniciar el registro]], When Completara el formulario completo con sus datos
| strNombre | strApellido | strEmail | strMesNacimiento | strDiaNacimiento | strAnioNacimiento | strCiudad | strZip | strPais | strDispositivoMovil | strModeloMovil | strSistemaOperativoMovil | strClave |
| Lionel | Messi | messi@gmail.com | December | 14 | 1987 | Bogota | 1947 | Colombia | Apple | iPhone 5S | iOS 10.11 | Pepe123 | [Jose llenar [Jose enters 'Lionel' into Nombre, Jose enters 'Messi' into Apellido, Jose enters 'messi@gmail.com' into Email, Jose select December on Mes, Jose select 14 on Dia, Jose select 1987 on Anio, Jose clicks on Boton de siguiente], Jose llenar direccion [Jose enters 'Bogota' into Ciudad, Jose types 'ARROW_DOWN' in Ciudad, Jose types 'ENTER' in Ciudad, Jose enters '1947' into Codigo Postal, Jose clicks on Contenedor, Jose enters 'Colombia' then hits ARROW_DOWN and ENTER into Pais, Jose clicks on Boton que lleva a la seccion de dispositivos]]
[Test worker] WARN net.thucydides.core.steps.BaseStepListener - stepStarted: net.thucydides.core.steps.ExecutedStepDescription@721d9ffb
[Test worker] WARN net.thucydides.core.steps.BaseStepListener - stepStarted: net.thucydides.core.steps.ExecutedStepDescription@1ccc73b8
[Test worker] WARN net.thucydides.core.steps.BaseStepListener - stepFinished: current outcome:Registro de Jose en plataforma Utest:Given Jose esperar aprender mucho de pruebas de software [Jose abrir [Jose opens the Pagina utest, Jose clicks on Boton para iniciar el registro]], When Completara el formulario completo con sus datos
| strNombre | strApellido | strEmail | strMesNacimiento | strDiaNacimiento | strAnioNacimiento | strCiudad | strZip | strPais | strDispositivoMovil | strModeloMovil | strSistemaOperativoMovil | strClave |
| Lionel | Messi | messi@gmail.com | December | 14 | 1987 | Bogota | 1947 | Colombia | Apple | iPhone 5S | iOS 10.11 | Pepe123 | [Jose llenar [Jose enters 'Lionel' into Nombre, Jose enters 'Messi' into Apellido, Jose enters 'messi@gmail.com' into Email, Jose select December on Mes, Jose select 14 on Dia, Jose select 1987 on Anio, Jose clicks on Boton de siguiente], Jose llenar direccion [Jose enters 'Bogota' into Ciudad, Jose types 'ARROW_DOWN' in Ciudad, Jose types 'ENTER' in Ciudad, Jose enters '1947' into Codigo Postal, Jose clicks on Contenedor, Jose enters 'Colombia' then hits ARROW_DOWN and ENTER into Pais, Jose clicks on Boton que lleva a la seccion de dispositivos], Jose llenar dispositivos [Jose clicks on Contenedor Dispositivos]]
[Test worker] WARN net.thucydides.core.steps.BaseStepListener - stepStarted: net.thucydides.core.steps.ExecutedStepDescription@71944c36
[Test worker] WARN net.thucydides.core.steps.BaseStepListener - stepFinished: current outcome:Registro de Jose en plataforma Utest:Given Jose esperar aprender mucho de pruebas de software [Jose abrir [Jose opens the Pagina utest, Jose clicks on Boton para iniciar el registro]], When Completara el formulario completo con sus datos
| strNombre | strApellido | strEmail | strMesNacimiento | strDiaNacimiento | strAnioNacimiento | strCiudad | strZip | strPais | strDispositivoMovil | strModeloMovil | strSistemaOperativoMovil | strClave |
| Lionel | Messi | messi@gmail.com | December | 14 | 1987 | Bogota | 1947 | Colombia | Apple | iPhone 5S | iOS 10.11 | Pepe123 | [Jose llenar [Jose enters 'Lionel' into Nombre, Jose enters 'Messi' into Apellido, Jose enters 'messi@gmail.com' into Email, Jose select December on Mes, Jose select 14 on Dia, Jose select 1987 on Anio, Jose clicks on Boton de siguiente], Jose llenar direccion [Jose enters 'Bogota' into Ciudad, Jose types 'ARROW_DOWN' in Ciudad, Jose types 'ENTER' in Ciudad, Jose enters '1947' into Codigo Postal, Jose clicks on Contenedor, Jose enters 'Colombia' then hits ARROW_DOWN and ENTER into Pais, Jose clicks on Boton que lleva a la seccion de dispositivos], Jose llenar dispositivos [Jose clicks on Contenedor Dispositivos, Jose enters 'Apple' then hits ARROW_DOWN and ENTER into Dispositivo movil]]
[Test worker] WARN net.thucydides.core.steps.BaseStepListener - stepStarted: net.thucydides.core.steps.ExecutedStepDescription@1c3ebde6
[Test worker] WARN net.thucydides.core.steps.BaseStepListener - stepFinished: current outcome:Registro de Jose en plataforma Utest:Given Jose esperar aprender mucho de pruebas de software [Jose abrir [Jose opens the Pagina utest, Jose clicks on Boton para iniciar el registro]], When Completara el formulario completo con sus datos
| strNombre | strApellido | strEmail | strMesNacimiento | strDiaNacimiento | strAnioNacimiento | strCiudad | strZip | strPais | strDispositivoMovil | strModeloMovil | strSistemaOperativoMovil | strClave |
| Lionel | Messi | messi@gmail.com | December | 14 | 1987 | Bogota | 1947 | Colombia | Apple | iPhone 5S | iOS 10.11 | Pepe123 | [Jose llenar [Jose enters 'Lionel' into Nombre, Jose enters 'Messi' into Apellido, Jose enters 'messi@gmail.com' into Email, Jose select December on Mes, Jose select 14 on Dia, Jose select 1987 on Anio, Jose clicks on Boton de siguiente], Jose llenar direccion [Jose enters 'Bogota' into Ciudad, Jose types 'ARROW_DOWN' in Ciudad, Jose types 'ENTER' in Ciudad, Jose enters '1947' into Codigo Postal, Jose clicks on Contenedor, Jose enters 'Colombia' then hits ARROW_DOWN and ENTER into Pais, Jose clicks on Boton que lleva a la seccion de dispositivos], Jose llenar dispositivos [Jose clicks on Contenedor Dispositivos, Jose enters 'Apple' then hits ARROW_DOWN and ENTER into Dispositivo movil, Jose clicks on Contenedor Modelo Dispositivo Movil]]
[Test worker] WARN net.thucydides.core.steps.BaseStepListener - stepStarted: net.thucydides.core.steps.ExecutedStepDescription@494b531
[Test worker] WARN net.thucydides.core.steps.BaseStepListener - stepFinished: current outcome:Registro de Jose en plataforma Utest:Given Jose esperar aprender mucho de pruebas de software [Jose abrir [Jose opens the Pagina utest, Jose clicks on Boton para iniciar el registro]], When Completara el formulario completo con sus datos
| strNombre | strApellido | strEmail | strMesNacimiento | strDiaNacimiento | strAnioNacimiento | strCiudad | strZip | strPais | strDispositivoMovil | strModeloMovil | strSistemaOperativoMovil | strClave |
| Lionel | Messi | messi@gmail.com | December | 14 | 1987 | Bogota | 1947 | Colombia | Apple | iPhone 5S | iOS 10.11 | Pepe123 | [Jose llenar [Jose enters 'Lionel' into Nombre, Jose enters 'Messi' into Apellido, Jose enters 'messi@gmail.com' into Email, Jose select December on Mes, Jose select 14 on Dia, Jose select 1987 on Anio, Jose clicks on Boton de siguiente], Jose llenar direccion [Jose enters 'Bogota' into Ciudad, Jose types 'ARROW_DOWN' in Ciudad, Jose types 'ENTER' in Ciudad, Jose enters '1947' into Codigo Postal, Jose clicks on Contenedor, Jose enters 'Colombia' then hits ARROW_DOWN and ENTER into Pais, Jose clicks on Boton que lleva a la seccion de dispositivos], Jose llenar dispositivos [Jose clicks on Contenedor Dispositivos, Jose enters 'Apple' then hits ARROW_DOWN and ENTER into Dispositivo movil, Jose clicks on Contenedor Modelo Dispositivo Movil, Jose enters 'iPhone 5S' then hits ARROW_DOWN and ENTER into Modelo Dispositivo Movil]]
[Test worker] WARN net.thucydides.core.steps.BaseStepListener - stepStarted: net.thucydides.core.steps.ExecutedStepDescription@ff679f5
[Test worker] WARN net.thucydides.core.steps.BaseStepListener - stepFinished: current outcome:Registro de Jose en plataforma Utest:Given Jose esperar aprender mucho de pruebas de software [Jose abrir [Jose opens the Pagina utest, Jose clicks on Boton para iniciar el registro]], When Completara el formulario completo con sus datos
| strNombre | strApellido | strEmail | strMesNacimiento | strDiaNacimiento | strAnioNacimiento | strCiudad | strZip | strPais | strDispositivoMovil | strModeloMovil | strSistemaOperativoMovil | strClave |
| Lionel | Messi | messi@gmail.com | December | 14 | 1987 | Bogota | 1947 | Colombia | Apple | iPhone 5S | iOS 10.11 | Pepe123 | [Jose llenar [Jose enters 'Lionel' into Nombre, Jose enters 'Messi' into Apellido, Jose enters 'messi@gmail.com' into Email, Jose select December on Mes, Jose select 14 on Dia, Jose select 1987 on Anio, Jose clicks on Boton de siguiente], Jose llenar direccion [Jose enters 'Bogota' into Ciudad, Jose types 'ARROW_DOWN' in Ciudad, Jose types 'ENTER' in Ciudad, Jose enters '1947' into Codigo Postal, Jose clicks on Contenedor, Jose enters 'Colombia' then hits ARROW_DOWN and ENTER into Pais, Jose clicks on Boton que lleva a la seccion de dispositivos], Jose llenar dispositivos [Jose clicks on Contenedor Dispositivos, Jose enters 'Apple' then hits ARROW_DOWN and ENTER into Dispositivo movil, Jose clicks on Contenedor Modelo Dispositivo Movil, Jose enters 'iPhone 5S' then hits ARROW_DOWN and ENTER into Modelo Dispositivo Movil, Jose clicks on Contenedor Sistema Operativo]]
[Test worker] WARN net.thucydides.core.steps.BaseStepListener - stepStarted: net.thucydides.core.steps.ExecutedStepDescription@5bc320b0
[Test worker] WARN net.thucydides.core.steps.BaseStepListener - stepFinished: current outcome:Registro de Jose en plataforma Utest:Given Jose esperar aprender mucho de pruebas de software [Jose abrir [Jose opens the Pagina utest, Jose clicks on Boton para iniciar el registro]], When Completara el formulario completo con sus datos
| strNombre | strApellido | strEmail | strMesNacimiento | strDiaNacimiento | strAnioNacimiento | strCiudad | strZip | strPais | strDispositivoMovil | strModeloMovil | strSistemaOperativoMovil | strClave |
| Lionel | Messi | messi@gmail.com | December | 14 | 1987 | Bogota | 1947 | Colombia | Apple | iPhone 5S | iOS 10.11 | Pepe123 | [Jose llenar [Jose enters 'Lionel' into Nombre, Jose enters 'Messi' into Apellido, Jose enters 'messi@gmail.com' into Email, Jose select December on Mes, Jose select 14 on Dia, Jose select 1987 on Anio, Jose clicks on Boton de siguiente], Jose llenar direccion [Jose enters 'Bogota' into Ciudad, Jose types 'ARROW_DOWN' in Ciudad, Jose types 'ENTER' in Ciudad, Jose enters '1947' into Codigo Postal, Jose clicks on Contenedor, Jose enters 'Colombia' then hits ARROW_DOWN and ENTER into Pais, Jose clicks on Boton que lleva a la seccion de dispositivos], Jose llenar dispositivos [Jose clicks on Contenedor Dispositivos, Jose enters 'Apple' then hits ARROW_DOWN and ENTER into Dispositivo movil, Jose clicks on Contenedor Modelo Dispositivo Movil, Jose enters 'iPhone 5S' then hits ARROW_DOWN and ENTER into Modelo Dispositivo Movil, Jose clicks on Contenedor Sistema Operativo, Jose enters 'iOS 10.11' then hits ARROW_DOWN and ENTER into Sistema operativo]]
[Test worker] WARN net.thucydides.core.steps.BaseStepListener - stepStarted: net.thucydides.core.steps.ExecutedStepDescription@433a42f6
[Test worker] WARN net.thucydides.core.steps.BaseStepListener - stepFinished: current outcome:Registro de Jose en plataforma Utest:Given Jose esperar aprender mucho de pruebas de software [Jose abrir [Jose opens the Pagina utest, Jose clicks on Boton para iniciar el registro]], When Completara el formulario completo con sus datos
| strNombre | strApellido | strEmail | strMesNacimiento | strDiaNacimiento | strAnioNacimiento | strCiudad | strZip | strPais | strDispositivoMovil | strModeloMovil | strSistemaOperativoMovil | strClave |
| Lionel | Messi | messi@gmail.com | December | 14 | 1987 | Bogota | 1947 | Colombia | Apple | iPhone 5S | iOS 10.11 | Pepe123 | [Jose llenar [Jose enters 'Lionel' into Nombre, Jose enters 'Messi' into Apellido, Jose enters 'messi@gmail.com' into Email, Jose select December on Mes, Jose select 14 on Dia, Jose select 1987 on Anio, Jose clicks on Boton de siguiente], Jose llenar direccion [Jose enters 'Bogota' into Ciudad, Jose types 'ARROW_DOWN' in Ciudad, Jose types 'ENTER' in Ciudad, Jose enters '1947' into Codigo Postal, Jose clicks on Contenedor, Jose enters 'Colombia' then hits ARROW_DOWN and ENTER into Pais, Jose clicks on Boton que lleva a la seccion de dispositivos], Jose llenar dispositivos [Jose clicks on Contenedor Dispositivos, Jose enters 'Apple' then hits ARROW_DOWN and ENTER into Dispositivo movil, Jose clicks on Contenedor Modelo Dispositivo Movil, Jose enters 'iPhone 5S' then hits ARROW_DOWN and ENTER into Modelo Dispositivo Movil, Jose clicks on Contenedor Sistema Operativo, Jose enters 'iOS 10.11' then hits ARROW_DOWN and ENTER into Sistema operativo, Jose clicks on Boton que lleva a la seccion final]]
[Test worker] WARN net.thucydides.core.steps.BaseStepListener - stepFinished: current outcome:Registro de Jose en plataforma Utest:Given Jose esperar aprender mucho de pruebas de software [Jose abrir [Jose opens the Pagina utest, Jose clicks on Boton para iniciar el registro]], When Completara el formulario completo con sus datos
| strNombre | strApellido | strEmail | strMesNacimiento | strDiaNacimiento | strAnioNacimiento | strCiudad | strZip | strPais | strDispositivoMovil | strModeloMovil | strSistemaOperativoMovil | strClave |
| Lionel | Messi | messi@gmail.com | December | 14 | 1987 | Bogota | 1947 | Colombia | Apple | iPhone 5S | iOS 10.11 | Pepe123 | [Jose llenar [Jose enters 'Lionel' into Nombre, Jose enters 'Messi' into Apellido, Jose enters 'messi@gmail.com' into Email, Jose select December on Mes, Jose select 14 on Dia, Jose select 1987 on Anio, Jose clicks on Boton de siguiente], Jose llenar direccion [Jose enters 'Bogota' into Ciudad, Jose types 'ARROW_DOWN' in Ciudad, Jose types 'ENTER' in Ciudad, Jose enters '1947' into Codigo Postal, Jose clicks on Contenedor, Jose enters 'Colombia' then hits ARROW_DOWN and ENTER into Pais, Jose clicks on Boton que lleva a la seccion de dispositivos], Jose llenar dispositivos [Jose clicks on Contenedor Dispositivos, Jose enters 'Apple' then hits ARROW_DOWN and ENTER into Dispositivo movil, Jose clicks on Contenedor Modelo Dispositivo Movil, Jose enters 'iPhone 5S' then hits ARROW_DOWN and ENTER into Modelo Dispositivo Movil, Jose clicks on Contenedor Sistema Operativo, Jose enters 'iOS 10.11' then hits ARROW_DOWN and ENTER into Sistema operativo, Jose clicks on Boton que lleva a la seccion final]]
[Test worker] WARN net.thucydides.core.steps.BaseStepListener - stepStarted: net.thucydides.core.steps.ExecutedStepDescription@732904b
[Test worker] WARN net.thucydides.core.steps.BaseStepListener - stepStarted: net.thucydides.core.steps.ExecutedStepDescription@663f93a0
[Test worker] WARN net.thucydides.core.steps.BaseStepListener - stepFinished: current outcome:Registro de Jose en plataforma Utest:Given Jose esperar aprender mucho de pruebas de software [Jose abrir [Jose opens the Pagina utest, Jose clicks on Boton para iniciar el registro]], When Completara el formulario completo con sus datos
| strNombre | strApellido | strEmail | strMesNacimiento | strDiaNacimiento | strAnioNacimiento | strCiudad | strZip | strPais | strDispositivoMovil | strModeloMovil | strSistemaOperativoMovil | strClave |
| Lionel | Messi | messi@gmail.com | December | 14 | 1987 | Bogota | 1947 | Colombia | Apple | iPhone 5S | iOS 10.11 | Pepe123 | [Jose llenar [Jose enters 'Lionel' into Nombre, Jose enters 'Messi' into Apellido, Jose enters 'messi@gmail.com' into Email, Jose select December on Mes, Jose select 14 on Dia, Jose select 1987 on Anio, Jose clicks on Boton de siguiente], Jose llenar direccion [Jose enters 'Bogota' into Ciudad, Jose types 'ARROW_DOWN' in Ciudad, Jose types 'ENTER' in Ciudad, Jose enters '1947' into Codigo Postal, Jose clicks on Contenedor, Jose enters 'Colombia' then hits ARROW_DOWN and ENTER into Pais, Jose clicks on Boton que lleva a la seccion de dispositivos], Jose llenar dispositivos [Jose clicks on Contenedor Dispositivos, Jose enters 'Apple' then hits ARROW_DOWN and ENTER into Dispositivo movil, Jose clicks on Contenedor Modelo Dispositivo Movil, Jose enters 'iPhone 5S' then hits ARROW_DOWN and ENTER into Modelo Dispositivo Movil, Jose clicks on Contenedor Sistema Operativo, Jose enters 'iOS 10.11' then hits ARROW_DOWN and ENTER into Sistema operativo, Jose clicks on Boton que lleva a la seccion final], Jose llenar final [Jose enters 'Pepe123' into Clave de usuario]]
[Test worker] WARN net.thucydides.core.steps.BaseStepListener - stepStarted: net.thucydides.core.steps.ExecutedStepDescription@41b379d3
[Test worker] WARN net.thucydides.core.steps.BaseStepListener - stepFinished: current outcome:Registro de Jose en plataforma Utest:Given Jose esperar aprender mucho de pruebas de software [Jose abrir [Jose opens the Pagina utest, Jose clicks on Boton para iniciar el registro]], When Completara el formulario completo con sus datos
| strNombre | strApellido | strEmail | strMesNacimiento | strDiaNacimiento | strAnioNacimiento | strCiudad | strZip | strPais | strDispositivoMovil | strModeloMovil | strSistemaOperativoMovil | strClave |
| Lionel | Messi | messi@gmail.com | December | 14 | 1987 | Bogota | 1947 | Colombia | Apple | iPhone 5S | iOS 10.11 | Pepe123 | [Jose llenar [Jose enters 'Lionel' into Nombre, Jose enters 'Messi' into Apellido, Jose enters 'messi@gmail.com' into Email, Jose select December on Mes, Jose select 14 on Dia, Jose select 1987 on Anio, Jose clicks on Boton de siguiente], Jose llenar direccion [Jose enters 'Bogota' into Ciudad, Jose types 'ARROW_DOWN' in Ciudad, Jose types 'ENTER' in Ciudad, Jose enters '1947' into Codigo Postal, Jose clicks on Contenedor, Jose enters 'Colombia' then hits ARROW_DOWN and ENTER into Pais, Jose clicks on Boton que lleva a la seccion de dispositivos], Jose llenar dispositivos [Jose clicks on Contenedor Dispositivos, Jose enters 'Apple' then hits ARROW_DOWN and ENTER into Dispositivo movil, Jose clicks on Contenedor Modelo Dispositivo Movil, Jose enters 'iPhone 5S' then hits ARROW_DOWN and ENTER into Modelo Dispositivo Movil, Jose clicks on Contenedor Sistema Operativo, Jose enters 'iOS 10.11' then hits ARROW_DOWN and ENTER into Sistema operativo, Jose clicks on Boton que lleva a la seccion final], Jose llenar final [Jose enters 'Pepe123' into Clave de usuario, Jose enters 'Pepe123' into Confirmar clave de usuario]]
[Test worker] WARN net.thucydides.core.steps.BaseStepListener - stepStarted: net.thucydides.core.steps.ExecutedStepDescription@41f02f3
[Test worker] WARN net.thucydides.core.steps.BaseStepListener - stepFinished: current outcome:Registro de Jose en plataforma Utest:Given Jose esperar aprender mucho de pruebas de software [Jose abrir [Jose opens the Pagina utest, Jose clicks on Boton para iniciar el registro]], When Completara el formulario completo con sus datos
| strNombre | strApellido | strEmail | strMesNacimiento | strDiaNacimiento | strAnioNacimiento | strCiudad | strZip | strPais | strDispositivoMovil | strModeloMovil | strSistemaOperativoMovil | strClave |
| Lionel | Messi | messi@gmail.com | December | 14 | 1987 | Bogota | 1947 | Colombia | Apple | iPhone 5S | iOS 10.11 | Pepe123 | [Jose llenar [Jose enters 'Lionel' into Nombre, Jose enters 'Messi' into Apellido, Jose enters 'messi@gmail.com' into Email, Jose select December on Mes, Jose select 14 on Dia, Jose select 1987 on Anio, Jose clicks on Boton de siguiente], Jose llenar direccion [Jose enters 'Bogota' into Ciudad, Jose types 'ARROW_DOWN' in Ciudad, Jose types 'ENTER' in Ciudad, Jose enters '1947' into Codigo Postal, Jose clicks on Contenedor, Jose enters 'Colombia' then hits ARROW_DOWN and ENTER into Pais, Jose clicks on Boton que lleva a la seccion de dispositivos], Jose llenar dispositivos [Jose clicks on Contenedor Dispositivos, Jose enters 'Apple' then hits ARROW_DOWN and ENTER into Dispositivo movil, Jose clicks on Contenedor Modelo Dispositivo Movil, Jose enters 'iPhone 5S' then hits ARROW_DOWN and ENTER into Modelo Dispositivo Movil, Jose clicks on Contenedor Sistema Operativo, Jose enters 'iOS 10.11' then hits ARROW_DOWN and ENTER into Sistema operativo, Jose clicks on Boton que lleva a la seccion final], Jose llenar final [Jose enters 'Pepe123' into Clave de usuario, Jose enters 'Pepe123' into Confirmar clave de usuario, Jose clicks on Checkbox 01]]
[Test worker] WARN net.thucydides.core.steps.BaseStepListener - stepStarted: net.thucydides.core.steps.ExecutedStepDescription@5870f523
[Test worker] WARN net.thucydides.core.steps.BaseStepListener - stepFinished: current outcome:Registro de Jose en plataforma Utest:Given Jose esperar aprender mucho de pruebas de software [Jose abrir [Jose opens the Pagina utest, Jose clicks on Boton para iniciar el registro]], When Completara el formulario completo con sus datos
| strNombre | strApellido | strEmail | strMesNacimiento | strDiaNacimiento | strAnioNacimiento | strCiudad | strZip | strPais | strDispositivoMovil | strModeloMovil | strSistemaOperativoMovil | strClave |
| Lionel | Messi | messi@gmail.com | December | 14 | 1987 | Bogota | 1947 | Colombia | Apple | iPhone 5S | iOS 10.11 | Pepe123 | [Jose llenar [Jose enters 'Lionel' into Nombre, Jose enters 'Messi' into Apellido, Jose enters 'messi@gmail.com' into Email, Jose select December on Mes, Jose select 14 on Dia, Jose select 1987 on Anio, Jose clicks on Boton de siguiente], Jose llenar direccion [Jose enters 'Bogota' into Ciudad, Jose types 'ARROW_DOWN' in Ciudad, Jose types 'ENTER' in Ciudad, Jose enters '1947' into Codigo Postal, Jose clicks on Contenedor, Jose enters 'Colombia' then hits ARROW_DOWN and ENTER into Pais, Jose clicks on Boton que lleva a la seccion de dispositivos], Jose llenar dispositivos [Jose clicks on Contenedor Dispositivos, Jose enters 'Apple' then hits ARROW_DOWN and ENTER into Dispositivo movil, Jose clicks on Contenedor Modelo Dispositivo Movil, Jose enters 'iPhone 5S' then hits ARROW_DOWN and ENTER into Modelo Dispositivo Movil, Jose clicks on Contenedor Sistema Operativo, Jose enters 'iOS 10.11' then hits ARROW_DOWN and ENTER into Sistema operativo, Jose clicks on Boton que lleva a la seccion final], Jose llenar final [Jose enters 'Pepe123' into Clave de usuario, Jose enters 'Pepe123' into Confirmar clave de usuario, Jose clicks on Checkbox 01, Jose clicks on Checkbox 02]]
[Test worker] WARN net.thucydides.core.steps.BaseStepListener - stepStarted: net.thucydides.core.steps.ExecutedStepDescription@76abd6fc
[Test worker] WARN net.thucydides.core.steps.BaseStepListener - stepFinished: current outcome:Registro de Jose en plataforma Utest:Given Jose esperar aprender mucho de pruebas de software [Jose abrir [Jose opens the Pagina utest, Jose clicks on Boton para iniciar el registro]], When Completara el formulario completo con sus datos
| strNombre | strApellido | strEmail | strMesNacimiento | strDiaNacimiento | strAnioNacimiento | strCiudad | strZip | strPais | strDispositivoMovil | strModeloMovil | strSistemaOperativoMovil | strClave |
| Lionel | Messi | messi@gmail.com | December | 14 | 1987 | Bogota | 1947 | Colombia | Apple | iPhone 5S | iOS 10.11 | Pepe123 | [Jose llenar [Jose enters 'Lionel' into Nombre, Jose enters 'Messi' into Apellido, Jose enters 'messi@gmail.com' into Email, Jose select December on Mes, Jose select 14 on Dia, Jose select 1987 on Anio, Jose clicks on Boton de siguiente], Jose llenar direccion [Jose enters 'Bogota' into Ciudad, Jose types 'ARROW_DOWN' in Ciudad, Jose types 'ENTER' in Ciudad, Jose enters '1947' into Codigo Postal, Jose clicks on Contenedor, Jose enters 'Colombia' then hits ARROW_DOWN and ENTER into Pais, Jose clicks on Boton que lleva a la seccion de dispositivos], Jose llenar dispositivos [Jose clicks on Contenedor Dispositivos, Jose enters 'Apple' then hits ARROW_DOWN and ENTER into Dispositivo movil, Jose clicks on Contenedor Modelo Dispositivo Movil, Jose enters 'iPhone 5S' then hits ARROW_DOWN and ENTER into Modelo Dispositivo Movil, Jose clicks on Contenedor Sistema Operativo, Jose enters 'iOS 10.11' then hits ARROW_DOWN and ENTER into Sistema operativo, Jose clicks on Boton que lleva a la seccion final], Jose llenar final [Jose enters 'Pepe123' into Clave de usuario, Jose enters 'Pepe123' into Confirmar clave de usuario, Jose clicks on Checkbox 01, Jose clicks on Checkbox 02, Jose clicks on Checkbox 03]]
[Test worker] WARN net.thucydides.core.steps.BaseStepListener - stepStarted: net.thucydides.core.steps.ExecutedStepDescription@5420b4ae
[Test worker] WARN net.thucydides.core.steps.BaseStepListener - stepFinished: current outcome:Registro de Jose en plataforma Utest:Given Jose esperar aprender mucho de pruebas de software [Jose abrir [Jose opens the Pagina utest, Jose clicks on Boton para iniciar el registro]], When Completara el formulario completo con sus datos
| strNombre | strApellido | strEmail | strMesNacimiento | strDiaNacimiento | strAnioNacimiento | strCiudad | strZip | strPais | strDispositivoMovil | strModeloMovil | strSistemaOperativoMovil | strClave |
| Lionel | Messi | messi@gmail.com | December | 14 | 1987 | Bogota | 1947 | Colombia | Apple | iPhone 5S | iOS 10.11 | Pepe123 | [Jose llenar [Jose enters 'Lionel' into Nombre, Jose enters 'Messi' into Apellido, Jose enters 'messi@gmail.com' into Email, Jose select December on Mes, Jose select 14 on Dia, Jose select 1987 on Anio, Jose clicks on Boton de siguiente], Jose llenar direccion [Jose enters 'Bogota' into Ciudad, Jose types 'ARROW_DOWN' in Ciudad, Jose types 'ENTER' in Ciudad, Jose enters '1947' into Codigo Postal, Jose clicks on Contenedor, Jose enters 'Colombia' then hits ARROW_DOWN and ENTER into Pais, Jose clicks on Boton que lleva a la seccion de dispositivos], Jose llenar dispositivos [Jose clicks on Contenedor Dispositivos, Jose enters 'Apple' then hits ARROW_DOWN and ENTER into Dispositivo movil, Jose clicks on Contenedor Modelo Dispositivo Movil, Jose enters 'iPhone 5S' then hits ARROW_DOWN and ENTER into Modelo Dispositivo Movil, Jose clicks on Contenedor Sistema Operativo, Jose enters 'iOS 10.11' then hits ARROW_DOWN and ENTER into Sistema operativo, Jose clicks on Boton que lleva a la seccion final], Jose llenar final [Jose enters 'Pepe123' into Clave de usuario, Jose enters 'Pepe123' into Confirmar clave de usuario, Jose clicks on Checkbox 01, Jose clicks on Checkbox 02, Jose clicks on Checkbox 03, Jose clicks on Boton para completar el registro del usuario]]
[Test worker] WARN net.thucydides.core.steps.BaseStepListener - stepFinished: current outcome:Registro de Jose en plataforma Utest:Given Jose esperar aprender mucho de pruebas de software [Jose abrir [Jose opens the Pagina utest, Jose clicks on Boton para iniciar el registro]], When Completara el formulario completo con sus datos
| strNombre | strApellido | strEmail | strMesNacimiento | strDiaNacimiento | strAnioNacimiento | strCiudad | strZip | strPais | strDispositivoMovil | strModeloMovil | strSistemaOperativoMovil | strClave |
| Lionel | Messi | messi@gmail.com | December | 14 | 1987 | Bogota | 1947 | Colombia | Apple | iPhone 5S | iOS 10.11 | Pepe123 | [Jose llenar [Jose enters 'Lionel' into Nombre, Jose enters 'Messi' into Apellido, Jose enters 'messi@gmail.com' into Email, Jose select December on Mes, Jose select 14 on Dia, Jose select 1987 on Anio, Jose clicks on Boton de siguiente], Jose llenar direccion [Jose enters 'Bogota' into Ciudad, Jose types 'ARROW_DOWN' in Ciudad, Jose types 'ENTER' in Ciudad, Jose enters '1947' into Codigo Postal, Jose clicks on Contenedor, Jose enters 'Colombia' then hits ARROW_DOWN and ENTER into Pais, Jose clicks on Boton que lleva a la seccion de dispositivos], Jose llenar dispositivos [Jose clicks on Contenedor Dispositivos, Jose enters 'Apple' then hits ARROW_DOWN and ENTER into Dispositivo movil, Jose clicks on Contenedor Modelo Dispositivo Movil, Jose enters 'iPhone 5S' then hits ARROW_DOWN and ENTER into Modelo Dispositivo Movil, Jose clicks on Contenedor Sistema Operativo, Jose enters 'iOS 10.11' then hits ARROW_DOWN and ENTER into Sistema operativo, Jose clicks on Boton que lleva a la seccion final], Jose llenar final [Jose enters 'Pepe123' into Clave de usuario, Jose enters 'Pepe123' into Confirmar clave de usuario, Jose clicks on Checkbox 01, Jose clicks on Checkbox 02, Jose clicks on Checkbox 03, Jose clicks on Boton para completar el registro del usuario]]
[Test worker] WARN net.thucydides.core.steps.BaseStepListener - stepFinished: current outcome:Registro de Jose en plataforma Utest:Given Jose esperar aprender mucho de pruebas de software [Jose abrir [Jose opens the Pagina utest, Jose clicks on Boton para iniciar el registro]], When Completara el formulario completo con sus datos
| strNombre | strApellido | strEmail | strMesNacimiento | strDiaNacimiento | strAnioNacimiento | strCiudad | strZip | strPais | strDispositivoMovil | strModeloMovil | strSistemaOperativoMovil | strClave |
| Lionel | Messi | messi@gmail.com | December | 14 | 1987 | Bogota | 1947 | Colombia | Apple | iPhone 5S | iOS 10.11 | Pepe123 | [Jose llenar [Jose enters 'Lionel' into Nombre, Jose enters 'Messi' into Apellido, Jose enters 'messi@gmail.com' into Email, Jose select December on Mes, Jose select 14 on Dia, Jose select 1987 on Anio, Jose clicks on Boton de siguiente], Jose llenar direccion [Jose enters 'Bogota' into Ciudad, Jose types 'ARROW_DOWN' in Ciudad, Jose types 'ENTER' in Ciudad, Jose enters '1947' into Codigo Postal, Jose clicks on Contenedor, Jose enters 'Colombia' then hits ARROW_DOWN and ENTER into Pais, Jose clicks on Boton que lleva a la seccion de dispositivos], Jose llenar dispositivos [Jose clicks on Contenedor Dispositivos, Jose enters 'Apple' then hits ARROW_DOWN and ENTER into Dispositivo movil, Jose clicks on Contenedor Modelo Dispositivo Movil, Jose enters 'iPhone 5S' then hits ARROW_DOWN and ENTER into Modelo Dispositivo Movil, Jose clicks on Contenedor Sistema Operativo, Jose enters 'iOS 10.11' then hits ARROW_DOWN and ENTER into Sistema operativo, Jose clicks on Boton que lleva a la seccion final], Jose llenar final [Jose enters 'Pepe123' into Clave de usuario, Jose enters 'Pepe123' into Confirmar clave de usuario, Jose clicks on Checkbox 01, Jose clicks on Checkbox 02, Jose clicks on Checkbox 03, Jose clicks on Boton para completar el registro del usuario]]
[Test worker] WARN net.thucydides.core.steps.BaseStepListener - stepStarted: net.thucydides.core.steps.ExecutedStepDescription@47be7cf6
[Test worker] WARN net.thucydides.core.steps.BaseStepListener - stepStarted: net.thucydides.core.steps.ExecutedStepDescription@1c12b25d
[Test worker] WARN net.thucydides.core.steps.BaseStepListener - testFinished: Registro de Jose en plataforma Utest:Given Jose esperar aprender mucho de pruebas de software [Jose abrir [Jose opens the Pagina utest, Jose clicks on Boton para iniciar el registro]], When Completara el formulario completo con sus datos
| strNombre | strApellido | strEmail | strMesNacimiento | strDiaNacimiento | strAnioNacimiento | strCiudad | strZip | strPais | strDispositivoMovil | strModeloMovil | strSistemaOperativoMovil | strClave |
| Lionel | Messi | messi@gmail.com | December | 14 | 1987 | Bogota | 1947 | Colombia | Apple | iPhone 5S | iOS 10.11 | Pepe123 | [Jose llenar [Jose enters 'Lionel' into Nombre, Jose enters 'Messi' into Apellido, Jose enters 'messi@gmail.com' into Email, Jose select December on Mes, Jose select 14 on Dia, Jose select 1987 on Anio, Jose clicks on Boton de siguiente], Jose llenar direccion [Jose enters 'Bogota' into Ciudad, Jose types 'ARROW_DOWN' in Ciudad, Jose types 'ENTER' in Ciudad, Jose enters '1947' into Codigo Postal, Jose clicks on Contenedor, Jose enters 'Colombia' then hits ARROW_DOWN and ENTER into Pais, Jose clicks on Boton que lleva a la seccion de dispositivos], Jose llenar dispositivos [Jose clicks on Contenedor Dispositivos, Jose enters 'Apple' then hits ARROW_DOWN and ENTER into Dispositivo movil, Jose clicks on Contenedor Modelo Dispositivo Movil, Jose enters 'iPhone 5S' then hits ARROW_DOWN and ENTER into Modelo Dispositivo Movil, Jose clicks on Contenedor Sistema Operativo, Jose enters 'iOS 10.11' then hits ARROW_DOWN and ENTER into Sistema operativo, Jose clicks on Boton que lleva a la seccion final], Jose llenar final [Jose enters 'Pepe123' into Clave de usuario, Jose enters 'Pepe123' into Confirmar clave de usuario, Jose clicks on Checkbox 01, Jose clicks on Checkbox 02, Jose clicks on Checkbox 03, Jose clicks on Boton para completar el registro del usuario]], Then Finaliza el registro al completar los formularios
| strTextoFinal |
| Registro completo | [Then responder]
[Test worker] WARN net.thucydides.core.steps.BaseStepListener - TestOutcomes: [Registro de Jose en plataforma Utest:Given Jose esperar aprender mucho de pruebas de software [Jose abrir [Jose opens the Pagina utest, Jose clicks on Boton para iniciar el registro]], When Completara el formulario completo con sus datos
| strNombre | strApellido | strEmail | strMesNacimiento | strDiaNacimiento | strAnioNacimiento | strCiudad | strZip | strPais | strDispositivoMovil | strModeloMovil | strSistemaOperativoMovil | strClave |
| Lionel | Messi | messi@gmail.com | December | 14 | 1987 | Bogota | 1947 | Colombia | Apple | iPhone 5S | iOS 10.11 | Pepe123 | [Jose llenar [Jose enters 'Lionel' into Nombre, Jose enters 'Messi' into Apellido, Jose enters 'messi@gmail.com' into Email, Jose select December on Mes, Jose select 14 on Dia, Jose select 1987 on Anio, Jose clicks on Boton de siguiente], Jose llenar direccion [Jose enters 'Bogota' into Ciudad, Jose types 'ARROW_DOWN' in Ciudad, Jose types 'ENTER' in Ciudad, Jose enters '1947' into Codigo Postal, Jose clicks on Contenedor, Jose enters 'Colombia' then hits ARROW_DOWN and ENTER into Pais, Jose clicks on Boton que lleva a la seccion de dispositivos], Jose llenar dispositivos [Jose clicks on Contenedor Dispositivos, Jose enters 'Apple' then hits ARROW_DOWN and ENTER into Dispositivo movil, Jose clicks on Contenedor Modelo Dispositivo Movil, Jose enters 'iPhone 5S' then hits ARROW_DOWN and ENTER into Modelo Dispositivo Movil, Jose clicks on Contenedor Sistema Operativo, Jose enters 'iOS 10.11' then hits ARROW_DOWN and ENTER into Sistema operativo, Jose clicks on Boton que lleva a la seccion final], Jose llenar final [Jose enters 'Pepe123' into Clave de usuario, Jose enters 'Pepe123' into Confirmar clave de usuario, Jose clicks on Checkbox 01, Jose clicks on Checkbox 02, Jose clicks on Checkbox 03, Jose clicks on Boton para completar el registro del usuario]], Then Finaliza el registro al completar los formularios
| strTextoFinal |
| Registro completo | [Then responder]]
[Test worker] WARN net.thucydides.core.steps.BaseStepListener - Final testOutcomes: [Registro de Jose en plataforma Utest:Given Jose esperar aprender mucho de pruebas de software [Jose abrir [Jose opens the Pagina utest, Jose clicks on Boton para iniciar el registro]], When Completara el formulario completo con sus datos
| strNombre | strApellido | strEmail | strMesNacimiento | strDiaNacimiento | strAnioNacimiento | strCiudad | strZip | strPais | strDispositivoMovil | strModeloMovil | strSistemaOperativoMovil | strClave |
| Lionel | Messi | messi@gmail.com | December | 14 | 1987 | Bogota | 1947 | Colombia | Apple | iPhone 5S | iOS 10.11 | Pepe123 | [Jose llenar [Jose enters 'Lionel' into Nombre, Jose enters 'Messi' into Apellido, Jose enters 'messi@gmail.com' into Email, Jose select December on Mes, Jose select 14 on Dia, Jose select 1987 on Anio, Jose clicks on Boton de siguiente], Jose llenar direccion [Jose enters 'Bogota' into Ciudad, Jose types 'ARROW_DOWN' in Ciudad, Jose types 'ENTER' in Ciudad, Jose enters '1947' into Codigo Postal, Jose clicks on Contenedor, Jose enters 'Colombia' then hits ARROW_DOWN and ENTER into Pais, Jose clicks on Boton que lleva a la seccion de dispositivos], Jose llenar dispositivos [Jose clicks on Contenedor Dispositivos, Jose enters 'Apple' then hits ARROW_DOWN and ENTER into Dispositivo movil, Jose clicks on Contenedor Modelo Dispositivo Movil, Jose enters 'iPhone 5S' then hits ARROW_DOWN and ENTER into Modelo Dispositivo Movil, Jose clicks on Contenedor Sistema Operativo, Jose enters 'iOS 10.11' then hits ARROW_DOWN and ENTER into Sistema operativo, Jose clicks on Boton que lleva a la seccion final], Jose llenar final [Jose enters 'Pepe123' into Clave de usuario, Jose enters 'Pepe123' into Confirmar clave de usuario, Jose clicks on Checkbox 01, Jose clicks on Checkbox 02, Jose clicks on Checkbox 03, Jose clicks on Boton para completar el registro del usuario]], Then Finaliza el registro al completar los formularios
| strTextoFinal |
| Registro completo | [Then responder]]
[Test worker] ERROR net.thucydides.core.steps.ConsoleLoggingListener - 
           __  _____ _____ ____ _____   _____ _    ___ _     _____ ____  
  _       / / |_   _| ____/ ___|_   _| |  ___/ \  |_ _| |   | ____|  _ \ 
 (_)_____| |    | | |  _| \___ \ | |   | |_ / _ \  | || |   |  _| | | | |
  _|_____| |    | | | |___ ___) || |   |  _/ ___ \ | || |___| |___| |_| |
 (_)     | |    |_| |_____|____/ |_|   |_|/_/   \_\___|_____|_____|____/ 
          \_\                                                            

TEST FAILED: Registro de Jose en plataforma Utest
--------------------------------------------------------------------------
[Test worker] ERROR net.thucydides.core.steps.ConsoleLoggingListener - TEST FAILED AT STEP Then responder
[Test worker] ERROR net.thucydides.core.steps.ConsoleLoggingListener - Expected responderExpected: is <true> but: was <false>
]]></system-err>
</testsuite>
