<?xml version="1.0" encoding="UTF-8"?>
<testsuite name="Registro de nuevo usuario en Utest" tests="1" skipped="0" failures="1" errors="0" timestamp="2022-07-28T21:58:35" hostname="DESKTOP-OPNS9OF" time="37.139">
  <properties/>
  <testcase name="Registro de Jose en plataforma Utest" classname="Registro de nuevo usuario en Utest" time="37.139">
    <failure message="org.openqa.selenium.NoSuchElementException: Cannot locate element with text: 14&#10;For documentation on this error, please visit: https://www.seleniumhq.org/exceptions/no_such_element.html&#10;Build info: version: '3.141.59', revision: 'e82be7d358', time: '2018-11-14T08:17:03'&#10;System info: host: 'DESKTOP-OPNS9OF', ip: '192.168.56.1', os.name: 'Windows 10', os.arch: 'amd64', os.version: '10.0', java.version: '11.0.4'&#10;Driver info: driver.version: unknown" type="org.openqa.selenium.NoSuchElementException">org.openqa.selenium.NoSuchElementException: Cannot locate element with text: 14
For documentation on this error, please visit: https://www.seleniumhq.org/exceptions/no_such_element.html
Build info: version: '3.141.59', revision: 'e82be7d358', time: '2018-11-14T08:17:03'
System info: host: 'DESKTOP-OPNS9OF', ip: '192.168.56.1', os.name: 'Windows 10', os.arch: 'amd64', os.version: '10.0', java.version: '11.0.4'
Driver info: driver.version: unknown
	at org.openqa.selenium.support.ui.Select.selectByVisibleText(Select.java:147)
	at net.serenitybdd.core.pages.DropdownSelector.byVisibleText(DropdownSelector.java:19)
	at net.serenitybdd.core.pages.WebElementFacadeImpl.selectByVisibleText(WebElementFacadeImpl.java:918)
	at net.serenitybdd.screenplay.actions.selectactions.SelectByVisibleTextFromTarget.performAs(SelectByVisibleTextFromTarget.java:19)
	at net.serenitybdd.screenplay.actions.selectactions.SelectByVisibleTextFromTarget$ByteBuddy$fHuoSOGO.performAs$accessor$lecjiQar(Unknown Source)
	at java.base/jdk.internal.reflect.NativeMethodAccessorImpl.invoke0(Native Method)
	at java.base/jdk.internal.reflect.NativeMethodAccessorImpl.invoke(NativeMethodAccessorImpl.java:62)
	at java.base/jdk.internal.reflect.DelegatingMethodAccessorImpl.invoke(DelegatingMethodAccessorImpl.java:43)
	at java.base/java.lang.reflect.Method.invoke(Method.java:566)
	at net.thucydides.core.steps.StepInterceptor.invokeMethod(StepInterceptor.java:471)
	at net.thucydides.core.steps.StepInterceptor.executeTestStepMethod(StepInterceptor.java:451)
	at net.thucydides.core.steps.StepInterceptor.runTestStep(StepInterceptor.java:424)
	at net.thucydides.core.steps.StepInterceptor.runOrSkipMethod(StepInterceptor.java:180)
	at net.thucydides.core.steps.StepInterceptor.testStepResult(StepInterceptor.java:167)
	at net.thucydides.core.steps.StepInterceptor.intercept(StepInterceptor.java:75)
	at net.serenitybdd.screenplay.actions.selectactions.SelectByVisibleTextFromTarget$ByteBuddy$fHuoSOGO.performAs(Unknown Source)
	at net.serenitybdd.screenplay.Actor.performTask(Actor.java:233)
	at net.serenitybdd.screenplay.Actor.perform(Actor.java:214)
	at net.serenitybdd.screenplay.Actor.attemptsTo(Actor.java:171)
	at co.com.choucair.prueba.tasks.Llenar.performAs(Llenar.java:28)
	at co.com.choucair.prueba.tasks.Llenar$ByteBuddy$uRpswUjT.performAs$accessor$YDNJ4PdY(Unknown Source)
	at java.base/jdk.internal.reflect.NativeMethodAccessorImpl.invoke0(Native Method)
	at java.base/jdk.internal.reflect.NativeMethodAccessorImpl.invoke(NativeMethodAccessorImpl.java:62)
	at java.base/jdk.internal.reflect.DelegatingMethodAccessorImpl.invoke(DelegatingMethodAccessorImpl.java:43)
	at java.base/java.lang.reflect.Method.invoke(Method.java:566)
	at net.thucydides.core.steps.StepInterceptor.invokeMethod(StepInterceptor.java:471)
	at net.thucydides.core.steps.StepInterceptor.executeTestStepMethod(StepInterceptor.java:451)
	at net.thucydides.core.steps.StepInterceptor.runTestStep(StepInterceptor.java:424)
	at net.thucydides.core.steps.StepInterceptor.runOrSkipMethod(StepInterceptor.java:180)
	at net.thucydides.core.steps.StepInterceptor.testStepResult(StepInterceptor.java:167)
	at net.thucydides.core.steps.StepInterceptor.intercept(StepInterceptor.java:75)
	at co.com.choucair.prueba.tasks.Llenar$ByteBuddy$uRpswUjT.performAs(Unknown Source)
	at net.serenitybdd.screenplay.Actor.performTask(Actor.java:233)
	at net.serenitybdd.screenplay.Actor.perform(Actor.java:214)
	at net.serenitybdd.screenplay.Actor.attemptsTo(Actor.java:171)
	at co.com.prueba.jose.stepdefinitions.StepDefinitions.completaraElFormularioCompletoConSusDatos(StepDefinitions.java:32)
	at ✽.Completara el formulario completo con sus datos(src/test/resources/features/registroUtest.feature:7)
</failure>
  </testcase>
  <system-out><![CDATA[]]></system-out>
  <system-err><![CDATA[[Test worker] WARN net.thucydides.core.steps.BaseStepListener - stepStarted: net.thucydides.core.steps.ExecutedStepDescription@5fd87d88
[Test worker] WARN net.thucydides.core.steps.BaseStepListener - stepStarted: net.thucydides.core.steps.ExecutedStepDescription@23354b87
[Test worker] WARN net.thucydides.core.steps.BaseStepListener - stepStarted: net.thucydides.core.steps.ExecutedStepDescription@3d2e5ef4
jul. 28, 2022 4:58:36 P. M. org.openqa.selenium.remote.DesiredCapabilities chrome
INFORMACIÓN: Using `new ChromeOptions()` is preferred to `DesiredCapabilities.chrome()`
[Test worker] INFO net.serenitybdd.core.webdriver.driverproviders.ProvideNewDriver - Instantiating driver
[Test worker] INFO net.serenitybdd.core.webdriver.driverproviders.ProvideNewDriver - Driver capabilities: Capabilities {acceptInsecureCerts: false, browserName: chrome, chrome.switches: --start-maximized, goog:chromeOptions: {args: [--start-maximized], extensions: []}, loggingPrefs: org.openqa.selenium.logging..., platform: ANY, version: }
Starting ChromeDriver 103.0.5060.134 (8ec6fce403b3feb0869b0732eda8bd95011d333c-refs/branch-heads/5060@{#1262}) on port 12525
Only local connections are allowed.
Please see https://chromedriver.chromium.org/security-considerations for suggestions on keeping ChromeDriver safe.
ChromeDriver was started successfully.
jul. 28, 2022 4:58:41 P. M. org.openqa.selenium.remote.ProtocolHandshake createSession
INFORMACIÓN: Detected dialect: W3C
[Test worker] WARN net.thucydides.core.steps.BaseStepListener - stepFinished: current outcome:Registro de Jose en plataforma Utest:Given Jose esperar aprender mucho de pruebas de software [Jose abrir [Jose opens the Pagina utest]]
[Test worker] WARN net.thucydides.core.steps.BaseStepListener - stepStarted: net.thucydides.core.steps.ExecutedStepDescription@1b3e26ab
[Test worker] WARN net.thucydides.core.steps.BaseStepListener - stepFinished: current outcome:Registro de Jose en plataforma Utest:Given Jose esperar aprender mucho de pruebas de software [Jose abrir [Jose opens the Pagina utest, Jose clicks on Boton para iniciar el registro]]
[Test worker] WARN net.thucydides.core.steps.BaseStepListener - stepFinished: current outcome:Registro de Jose en plataforma Utest:Given Jose esperar aprender mucho de pruebas de software [Jose abrir [Jose opens the Pagina utest, Jose clicks on Boton para iniciar el registro]]
[Test worker] WARN net.thucydides.core.steps.BaseStepListener - stepFinished: current outcome:Registro de Jose en plataforma Utest:Given Jose esperar aprender mucho de pruebas de software [Jose abrir [Jose opens the Pagina utest, Jose clicks on Boton para iniciar el registro]]
[Test worker] WARN net.thucydides.core.steps.BaseStepListener - stepStarted: net.thucydides.core.steps.ExecutedStepDescription@26c574b3
[Test worker] WARN net.thucydides.core.steps.BaseStepListener - stepStarted: net.thucydides.core.steps.ExecutedStepDescription@66fbe31f
[Test worker] WARN net.thucydides.core.steps.BaseStepListener - stepStarted: net.thucydides.core.steps.ExecutedStepDescription@10c395e0
[Test worker] WARN net.thucydides.core.steps.BaseStepListener - stepFinished: current outcome:Registro de Jose en plataforma Utest:Given Jose esperar aprender mucho de pruebas de software [Jose abrir [Jose opens the Pagina utest, Jose clicks on Boton para iniciar el registro]], When Completara el formulario completo con sus datos
| strNombre | strApellido | strEmail | strMesNacimiento | strDiaNacimiento | strAnioNacimiento | strCiudad | strZip | strPais | strDispositivoMovil | strModeloMovil | strSistemaOperativoMovil | strClave |
| Lionel | Messi | messi@gmail.com | December | 14 | 1987 | Bogota | 1947 | Colombia | Apple | iPhone 5S | iOS 10.11 | Pepe123 | [Jose llenar [Jose enters 'Lionel' into Nombre]]
[Test worker] WARN net.thucydides.core.steps.BaseStepListener - stepStarted: net.thucydides.core.steps.ExecutedStepDescription@cf36c0
[Test worker] WARN net.thucydides.core.steps.BaseStepListener - stepFinished: current outcome:Registro de Jose en plataforma Utest:Given Jose esperar aprender mucho de pruebas de software [Jose abrir [Jose opens the Pagina utest, Jose clicks on Boton para iniciar el registro]], When Completara el formulario completo con sus datos
| strNombre | strApellido | strEmail | strMesNacimiento | strDiaNacimiento | strAnioNacimiento | strCiudad | strZip | strPais | strDispositivoMovil | strModeloMovil | strSistemaOperativoMovil | strClave |
| Lionel | Messi | messi@gmail.com | December | 14 | 1987 | Bogota | 1947 | Colombia | Apple | iPhone 5S | iOS 10.11 | Pepe123 | [Jose llenar [Jose enters 'Lionel' into Nombre, Jose enters 'Messi' into Apellido]]
[Test worker] WARN net.thucydides.core.steps.BaseStepListener - stepStarted: net.thucydides.core.steps.ExecutedStepDescription@1cead575
[Test worker] WARN net.thucydides.core.steps.BaseStepListener - stepFinished: current outcome:Registro de Jose en plataforma Utest:Given Jose esperar aprender mucho de pruebas de software [Jose abrir [Jose opens the Pagina utest, Jose clicks on Boton para iniciar el registro]], When Completara el formulario completo con sus datos
| strNombre | strApellido | strEmail | strMesNacimiento | strDiaNacimiento | strAnioNacimiento | strCiudad | strZip | strPais | strDispositivoMovil | strModeloMovil | strSistemaOperativoMovil | strClave |
| Lionel | Messi | messi@gmail.com | December | 14 | 1987 | Bogota | 1947 | Colombia | Apple | iPhone 5S | iOS 10.11 | Pepe123 | [Jose llenar [Jose enters 'Lionel' into Nombre, Jose enters 'Messi' into Apellido, Jose enters 'messi@gmail.com' into Email]]
[Test worker] WARN net.thucydides.core.steps.BaseStepListener - stepStarted: net.thucydides.core.steps.ExecutedStepDescription@4cdeeeb0
[Test worker] WARN net.thucydides.core.steps.BaseStepListener - stepFinished: current outcome:Registro de Jose en plataforma Utest:Given Jose esperar aprender mucho de pruebas de software [Jose abrir [Jose opens the Pagina utest, Jose clicks on Boton para iniciar el registro]], When Completara el formulario completo con sus datos
| strNombre | strApellido | strEmail | strMesNacimiento | strDiaNacimiento | strAnioNacimiento | strCiudad | strZip | strPais | strDispositivoMovil | strModeloMovil | strSistemaOperativoMovil | strClave |
| Lionel | Messi | messi@gmail.com | December | 14 | 1987 | Bogota | 1947 | Colombia | Apple | iPhone 5S | iOS 10.11 | Pepe123 | [Jose llenar [Jose enters 'Lionel' into Nombre, Jose enters 'Messi' into Apellido, Jose enters 'messi@gmail.com' into Email, Jose select December on Mes]]
[Test worker] WARN net.thucydides.core.steps.BaseStepListener - stepStarted: net.thucydides.core.steps.ExecutedStepDescription@286c26de
[Test worker] WARN net.thucydides.core.steps.BaseStepListener - stepStarted: net.thucydides.core.steps.ExecutedStepDescription@1931283b
[Test worker] WARN net.thucydides.core.steps.BaseStepListener - testFinished: Registro de Jose en plataforma Utest:Given Jose esperar aprender mucho de pruebas de software [Jose abrir [Jose opens the Pagina utest, Jose clicks on Boton para iniciar el registro]], When Completara el formulario completo con sus datos
| strNombre | strApellido | strEmail | strMesNacimiento | strDiaNacimiento | strAnioNacimiento | strCiudad | strZip | strPais | strDispositivoMovil | strModeloMovil | strSistemaOperativoMovil | strClave |
| Lionel | Messi | messi@gmail.com | December | 14 | 1987 | Bogota | 1947 | Colombia | Apple | iPhone 5S | iOS 10.11 | Pepe123 | [Jose llenar [Jose enters 'Lionel' into Nombre, Jose enters 'Messi' into Apellido, Jose enters 'messi@gmail.com' into Email, Jose select December on Mes, Jose select 14 on Dia]], Then Finaliza el registro al completar los formularios
| strTextoFinal |
| Registro completo |
[Test worker] WARN net.thucydides.core.steps.BaseStepListener - TestOutcomes: [Registro de Jose en plataforma Utest:Given Jose esperar aprender mucho de pruebas de software [Jose abrir [Jose opens the Pagina utest, Jose clicks on Boton para iniciar el registro]], When Completara el formulario completo con sus datos
| strNombre | strApellido | strEmail | strMesNacimiento | strDiaNacimiento | strAnioNacimiento | strCiudad | strZip | strPais | strDispositivoMovil | strModeloMovil | strSistemaOperativoMovil | strClave |
| Lionel | Messi | messi@gmail.com | December | 14 | 1987 | Bogota | 1947 | Colombia | Apple | iPhone 5S | iOS 10.11 | Pepe123 | [Jose llenar [Jose enters 'Lionel' into Nombre, Jose enters 'Messi' into Apellido, Jose enters 'messi@gmail.com' into Email, Jose select December on Mes, Jose select 14 on Dia]], Then Finaliza el registro al completar los formularios
| strTextoFinal |
| Registro completo |]
[Test worker] WARN net.thucydides.core.steps.BaseStepListener - Final testOutcomes: [Registro de Jose en plataforma Utest:Given Jose esperar aprender mucho de pruebas de software [Jose abrir [Jose opens the Pagina utest, Jose clicks on Boton para iniciar el registro]], When Completara el formulario completo con sus datos
| strNombre | strApellido | strEmail | strMesNacimiento | strDiaNacimiento | strAnioNacimiento | strCiudad | strZip | strPais | strDispositivoMovil | strModeloMovil | strSistemaOperativoMovil | strClave |
| Lionel | Messi | messi@gmail.com | December | 14 | 1987 | Bogota | 1947 | Colombia | Apple | iPhone 5S | iOS 10.11 | Pepe123 | [Jose llenar [Jose enters 'Lionel' into Nombre, Jose enters 'Messi' into Apellido, Jose enters 'messi@gmail.com' into Email, Jose select December on Mes, Jose select 14 on Dia]], Then Finaliza el registro al completar los formularios
| strTextoFinal |
| Registro completo |]
[Test worker] ERROR net.thucydides.core.steps.ConsoleLoggingListener - 
           __  _____ _____ ____ _____   _____ _    ___ _     _____ ____  
  _       / / |_   _| ____/ ___|_   _| |  ___/ \  |_ _| |   | ____|  _ \ 
 (_)_____| |    | | |  _| \___ \ | |   | |_ / _ \  | || |   |  _| | | | |
  _|_____| |    | | | |___ ___) || |   |  _/ ___ \ | || |___| |___| |_| |
 (_)     | |    |_| |_____|____/ |_|   |_|/_/   \_\___|_____|_____|____/ 
          \_\                                                            

TEST FAILED WITH ERROR: Registro de Jose en plataforma Utest
---------------------------------------------------------------------
[Test worker] ERROR net.thucydides.core.steps.ConsoleLoggingListener - TEST FAILED AT STEP Jose select 14 on Dia
[Test worker] ERROR net.thucydides.core.steps.ConsoleLoggingListener - Cannot locate element with text: 14
]]></system-err>
</testsuite>
