<?xml version="1.0" encoding="UTF-8"?>
<testsuite name="co.com.prueba.jose.runners.RunnerTags" tests="0" skipped="0" failures="0" errors="0" timestamp="1970-01-01T00:00:00" hostname="DESKTOP-OPNS9OF" time="0.0">
  <properties/>
  <system-out><![CDATA[REGISTER BASE STEP LISTENER net.thucydides.core.steps.BaseStepListener@753aac68

?[31mFailed scenarios:?[0m
?[31msrc/test/resources/features/registroUtest.feature:5 ?[0m# Registro de Jose en plataforma Utest

1 Scenarios (?[31m1 failed?[0m)
3 Steps (?[31m1 failed?[0m, ?[36m2 skipped?[0m)
0m6,978s

java.lang.NullPointerException
	at net.serenitybdd.screenplay.actors.OnStage.anActorIsOnStage(OnStage.java:41)
	at net.serenitybdd.screenplay.actors.OnStage.theActorCalled(OnStage.java:32)
	at co.com.prueba.jose.stepdefinitions.StepDefinitions.joseEsperarAprenderMuchoDePruebasDeSoftware(StepDefinitions.java:27)
	at ?.Jose esperar aprender mucho de pruebas de software(src/test/resources/features/registroUtest.feature:6)

]]></system-out>
  <system-err><![CDATA[[Test worker] INFO net.thucydides.core.steps.ConsoleLoggingListener - 

-------------------------------------------------------------------------------------
     _______. _______ .______       _______ .__   __.  __  .___________.____    ____ 
    /       ||   ____||   _  \     |   ____||  \ |  | |  | |           |\   \  /   / 
   |   (----`|  |__   |  |_)  |    |  |__   |   \|  | |  | `---|  |----` \   \/   /  
    \   \    |   __|  |      /     |   __|  |  . `  | |  |     |  |       \_    _/   
.----)   |   |  |____ |  |\  \----.|  |____ |  |\   | |  |     |  |         |  |     
|_______/    |_______|| _| `._____||_______||__| \__| |__|     |__|         |__|    
                                                                                     
 News and tutorials at http://www.serenity-bdd.info                                  
 Documentation at https://wakaleo.gitbooks.io/the-serenity-book/content/             
 Join the Serenity Community on Rocket Chat at https://serenity-bdd.rocket.chat      
 Serenity BDD Support and Training at http://serenity-bdd.info/#/trainingandsupport  
 Learn Serenity BDD online at http://serenity-dojo.com                               
-------------------------------------------------------------------------------------

[Test worker] INFO net.thucydides.core.steps.ConsoleLoggingListener - Test Suite Started: Registro de nuevo usuario en Utest
[Test worker] WARN net.thucydides.core.steps.BaseStepListener - testStarted: Registro de Jose en plataforma Utest/registro-de-nuevo-usuario-en-utest;registro-de-jose-en-plataforma-utest
[Test worker] INFO net.thucydides.core.steps.ConsoleLoggingListener - 
 _____ _____ ____ _____   ____ _____  _    ____ _____ _____ ____  
|_   _| ____/ ___|_   _| / ___|_   _|/ \  |  _ \_   _| ____|  _ \ 
  | | |  _| \___ \ | |   \___ \ | | / _ \ | |_) || | |  _| | | | |
  | | | |___ ___) || |    ___) || |/ ___ \|  _ < | | | |___| |_| |
  |_| |_____|____/ |_|   |____/ |_/_/   \_\_| \_\|_| |_____|____/ 
                                                                  

TEST STARTED: Registro de Jose en plataforma Utest
-------------------------------------------------------------------(registro-de-nuevo-usuario-en-utest;registro-de-jose-en-plataforma-utest)
[pool-2-thread-1] INFO net.thucydides.core.requirements.PackageRequirementsTagProvider - Loading requirements from package requirements at: net.thucydides.showcase.cucumber.junit
]]></system-err>
</testsuite>
